
> atsboost-ai@1.0.0 dev /home/engine/project
> next dev

  ▲ Next.js 14.2.35
  - Local:        http://localhost:3000

 ✓ Starting...
 ✓ Ready in 4s
 ✓ Compiled /src/middleware in 465ms (158 modules)
 ○ Compiling / ...
 ✓ Compiled / in 2.3s (497 modules)
 GET / 200 in 2628ms
 ✓ Compiled in 343ms (254 modules)
<w> [webpack.cache.PackFileCacheStrategy] Serializing big strings (129kiB) impacts deserialization performance (consider using Buffer instead and decode when needed)
 ○ Compiling /auth/login ...
 ✓ Compiled /auth/login in 572ms (485 modules)
 GET /auth/login 200 in 733ms
 ✓ Compiled /dashboard in 253ms (490 modules)
 GET /dashboard 200 in 406ms
 ✓ Compiled in 183ms (255 modules)
 ✓ Compiled in 137ms (255 modules)
 ✓ Compiled in 168ms (255 modules)
 ✓ Compiled in 352ms (648 modules)
 ✓ Compiled in 152ms (255 modules)
 ✓ Compiled in 192ms (646 modules)
 ✓ Compiled in 136ms (255 modules)
 ✓ Compiled /dashboard/resumes in 267ms (486 modules)
 GET /dashboard/resumes 200 in 434ms
 ELIFECYCLE  Command failed.
[?25h
